{
  "RSpec": {
    "coverage": {
      "/Users/wesleymiranda/take_home_project/app/models/customer.rb": {
        "lines": [
          1,
          1,
          1,
          1,
          1,
          null
        ]
      },
      "/Users/wesleymiranda/take_home_project/app/models/application_record.rb": {
        "lines": [
          1,
          1,
          null
        ]
      },
      "/Users/wesleymiranda/take_home_project/app/models/subscription.rb": {
        "lines": [
          1,
          1,
          1,
          1,
          1,
          1,
          1,
          null
        ]
      },
      "/Users/wesleymiranda/take_home_project/app/models/tea.rb": {
        "lines": [
          1,
          1,
          1,
          1,
          1,
          null
        ]
      }
    },
    "timestamp": 1667491446
  }
}
