{
  "RSpec": {
    "coverage": {
      "/Users/wesleymiranda/take_home_project/app/models/customer.rb": {
        "lines": [
          1,
          1,
          1,
          1,
          1,
          null
        ]
      },
      "/Users/wesleymiranda/take_home_project/app/models/application_record.rb": {
        "lines": [
          1,
          1,
          null
        ]
      },
      "/Users/wesleymiranda/take_home_project/app/models/subscription.rb": {
        "lines": [
          1,
          1,
          1,
          1,
          1,
          null,
          1,
          1,
          null
        ]
      },
      "/Users/wesleymiranda/take_home_project/app/models/tea.rb": {
        "lines": [
          1,
          1,
          1,
          1,
          1,
          null
        ]
      },
      "/Users/wesleymiranda/take_home_project/app/channels/api/v1/subscription_controller.rb": {
        "lines": [
          1,
          1,
          1,
          1,
          null,
          null,
          1,
          3,
          null,
          null,
          null,
          null,
          null,
          3,
          1,
          null,
          2,
          null,
          null,
          null,
          1,
          3,
          3,
          2,
          2,
          null,
          1,
          null,
          null,
          null
        ]
      }
    },
    "timestamp": 1667496988
  }
}
